{"numFailedTestSuites":1,"numFailedTests":1,"numPassedTestSuites":1,"numPassedTests":6,"numPendingTestSuites":0,"numPendingTests":0,"numRuntimeErrorTestSuites":0,"numTodoTests":0,"numTotalTestSuites":2,"numTotalTests":7,"openHandles":[],"snapshot":{"added":0,"didUpdate":false,"failure":false,"filesAdded":0,"filesRemoved":0,"filesRemovedList":[],"filesUnmatched":0,"filesUpdated":0,"matched":0,"total":0,"unchecked":0,"uncheckedKeysByFile":[],"unmatched":0,"updated":0},"startTime":1786842898127,"success":false,"testResults":[{"assertionResults":[{"ancestorTitles":["Chat Flow - Integration Tests"],"duration":115,"failing":false,"failureDetails":[],"failureMessages":[],"fullName":"Chat Flow - Integration Tests should send a message and update the UI","invocations":1,"location":null,"numPassingAsserts":1,"retryReasons":[],"startAt":1786842898778,"status":"passed","title":"should send a message and update the UI"},{"ancestorTitles":["Chat Flow - Integration Tests"],"duration":1063,"failing":false,"failureDetails":[{"message":"\u001b[2mexpect(\u001b[22m\u001b[31mreceived\u001b[39m\u001b[2m).toBeInTheDocument()\u001b[22m\n\n\u001b[31mreceived\u001b[39m value must be an HTMLElement or an SVGElement.\nReceived has value: \u001b[31mnull\u001b[39m\n\nIgnored nodes: comments, script, style\n\u001b[36m<html>\u001b[39m\n  \u001b[36m<head />\u001b[39m\n  \u001b[36m<body>\u001b[39m\n    \u001b[36m<div>\u001b[39m\n      \u001b[36m<div\u001b[39m\n        \u001b[33mclass\u001b[39m=\u001b[32m\"chatContainer\"\u001b[39m\n        \u001b[33mdata-testid\u001b[39m=\u001b[32m\"chat-container\"\u001b[39m\n      \u001b[36m>\u001b[39m\n        \u001b[36m<div\u001b[39m\n          \u001b[33mclass\u001b[39m=\u001b[32m\"modalOverlay\"\u001b[39m\n          \u001b[33mdata-testid\u001b[39m=\u001b[32m\"bubu-modal\"\u001b[39m\n        \u001b[36m>\u001b[39m\n          \u001b[36m<div\u001b[39m\n            \u001b[33mclass\u001b[39m=\u001b[32m\"modalContent\"\u001b[39m\n          \u001b[36m>\u001b[39m\n            \u001b[36m<iframe\u001b[39m\n              \u001b[33mallowfullscreen\u001b[39m=\u001b[32m\"\"\u001b[39m\n              \u001b[33mheight\u001b[39m=\u001b[32m\"280\"\u001b[39m\n              \u001b[33msrc\u001b[39m=\u001b[32m\"https://tenor.com/embed/4715181167776202242\"\u001b[39m\n              \u001b[33mstyle\u001b[39m=\u001b[32m\"border-radius: 12px; overflow: hidden;\"\u001b[39m\n              \u001b[33mtitle\u001b[39m=\u001b[32m\"Bubu Work Bubu Focus Sticker\"\u001b[39m\n              \u001b[33mwidth\u001b[39m=\u001b[32m\"100%\"\u001b[39m\n            \u001b[36m/>\u001b[39m\n            \u001b[36m<button\u001b[39m\n              \u001b[33mclass\u001b[39m=\u001b[32m\"closeModalButton\"\u001b[39m\n              \u001b[33mdata-testid\u001b[39m=\u001b[32m\"close-modal-button\"\u001b[39m\n              \u001b[33mtype\u001b[39m=\u001b[32m\"button\"\u001b[39m\n            \u001b[36m>\u001b[39m\n              \u001b[0mEnter Chat\u001b[0m\n            \u001b[36m</button>\u001b[39m\n            \u001b[36m<button\u001b[39m\n              \u001b[33mclass\u001b[39m=\u001b[32m\"dontShowModalButton\"\u001b[39m\n              \u001b[33mdata-testid\u001b[39m=\u001b[32m\"dont-show-modal-button\"\u001b[39m\n              \u001b[33mtype\u001b[39m=\u001b[32m\"button\"\u001b[39m\n            \u001b[36m>\u001b[39m\n              \u001b[0mDon't show this modal again\u001b[0m\n            \u001b[36m</button>\u001b[39m\n          \u001b[36m</div>\u001b[39m\n        \u001b[36m</div>\u001b[39m\n        \u001b[36m<div\u001b[39m\n          \u001b[33mclass\u001b[39m=\u001b[32m\"chatHeader\"\u001b[39m\n          \u001b[33mdata-testid\u001b[39m=\u001b[32m\"chat-header\"\u001b[39m\n        \u001b[36m>\u001b[39m\n          \u001b[36m<img\u001b[39m\n            \u001b[33malt\u001b[39m=\u001b[32m\"Bubu\"\u001b[39m\n            \u001b[33mclass\u001b[39m=\u001b[32m\"headerImage\"\u001b[39m\n            \u001b[33mdata-nimg\u001b[39m=\u001b[32m\"1\"\u001b[39m\n            \u001b[33mdata-testid\u001b[39m=\u001b[32m\"chat-header-image\"\u001b[39m\n            \u001b[33mdecoding\u001b[39m=\u001b[32m\"async\"\u001b[39m\n            \u001b[33mheight\u001b[39m=\u001b[32m\"70\"\u001b[39m\n            \u001b[33mloading\u001b[39m=\u001b[32m\"lazy\"\u001b[39m\n            \u001b[33msrc\u001b[39m=\u001b[32m\"/img.jpg\"\u001b[39m\n            \u001b[33mstyle\u001b[39m=\u001b[32m\"color: transparent; cursor: pointer;\"\u001b[39m\n            \u001b[33mwidth\u001b[39m=\u001b[32m\"70\"\u001b[39m\n          \u001b[36m/>\u001b[39m\n          \u001b[36m<h1\u001b[39m\n            \u001b[33mdata-testid\u001b[39m=\u001b[32m\"chat-title\"\u001b[39m\n          \u001b[36m>\u001b[39m\n            \u001b[0mCustom AI Chat\u001b[0m\n          \u001b[36m</h1>\u001b[39m\n          \u001b[36m<button\u001b[39m\n            \u001b[33mclass\u001b[39m=\u001b[32m\"deleteToggleButton\"\u001b[39m\n            \u001b[33mdata-testid\u001b[39m=\u001b[32m\"delete-chat-button\"\u001b[39m\n            \u001b[33mtitle\u001b[39m=\u001b[32m\"Delete Chat\"\u001b[39m\n            \u001b[33mtype\u001b[39m=\u001b[32m\"button\"\u001b[39m\n          \u001b[36m>\u001b[39m\n            \u001b[36m<img\u001b[39m\n              \u001b[33malt\u001b[39m=\u001b[32m\"Delete Chat\"\u001b[39m\n              \u001b[33mdata-nimg\u001b[39m=\u001b[32m\"1\"\u001b[39m\n              \u001b[33mdecoding\u001b[39m=\u001b[32m\"async\"\u001b[39m\n              \u001b[33mheight\u001b[39m=\u001b[32m\"60\"\u001b[39m\n              \u001b[33mloading\u001b[39m=\u001b[32m\"lazy\"\u001b[39m\n              \u001b[33msrc\u001b[39m=\u001b[32m\"/img.jpg\"\u001b[39m\n              \u001b[33mstyle\u001b[39m=\u001b[32m\"color: transparent;\"\u001b[39m\n              \u001b[33mwidth\u001b[39m=\u001b[32m\"60\"\u001b[39m\n            \u001b[36m/>\u001b[39m\n          \u001b[36m</button>\u001b[39m\n        \u001b[36m</div>\u001b[39m\n        \u001b[36m<div\u001b[39m\n          \u001b[33mclass\u001b[39m=\u001b[32m\"messagesContainer\"\u001b[39m\n          \u001b[33mdata-testid\u001b[39m=\u001b[32m\"messages-container\"\u001b[39m\n        \u001b[36m>\u001b[39m\n          \u001b[36m<div\u001b[39m\n            \u001b[33mclass\u001b[39m=\u001b[32m\"message user\"\u001b[39m\n            \u001b[33mdata-testid\u001b[39m=\u001b[32m\"message-user-0\"\u001b[39m\n          \u001b[36m>\u001b[39m\n            \u001b[36m<div\u001b[39m\n              \u001b[33mclass\u001b[39m=\u001b[32m\"messageRole\"\u001b[39m\n              \u001b[33mdata-testid\u001b[39m=\u001b[32m\"message-role-0\"\u001b[39m\n            \u001b[36m/>\u001b[39m\n            \u001b[36m<div\u001b[39m\n              \u001b[33mclass\u001b[39m=\u001b[32m\"messageContent\"\u001b[39m\n              \u001b[33mdata-testid\u001b[39m=\u001b[32m\"message-content-0\"\u001b[39m\n            \u001b[36m>\u001b[39m\n              \u001b[36m<div\u001b[39m\n                \u001b[33mdata-testid\u001b[39m=\u001b[32m\"react-markdown-mock\"\u001b[39m\n              \u001b[36m>\u001b[39m\n                \u001b[0mFirst message\u001b[0m\n              \u001b[36m</div>\u001b[39m\n            \u001b[36m</div>\u001b[39m\n          \u001b[36m</div>\u001b[39m\n          \u001b[36m<div\u001b[39m\n            \u001b[33mclass\u001b[39m=\u001b[32m\"message assistant\"\u001b[39m\n            \u001b[33mdata-testid\u001b[39m=\u001b[32m\"message-assistant-1\"\u001b[39m\n          \u001b[36m>\u001b[39m\n            \u001b[36m<div\u001b[39m\n              \u001b[33mclass\u001b[39m=\u001b[32m\"messageRole\"\u001b[39m\n              \u001b[33mdata-testid\u001b[39m=\u001b[32m\"message-role-1\"\u001b[39m\n            \u001b[36m/>\u001b[39m\n            \u001b[36m<div\u001b[39m\n              \u001b[33mclass\u001b[39m=\u001b[32m\"messageContent\"\u001b[39m\n              \u001b[33mdata-testid\u001b[39m=\u001b[32m\"message-content-1\"\u001b[39m\n            \u001b[36m>\u001b[39m\n              \u001b[36m<div\u001b[39m\n                \u001b[33mdata-testid\u001b[39m=\u001b[32m\"react-markdown-mock\"\u001b[39m\n              \u001b[36m>\u001b[39m\n                \u001b[0mError: fetch is not defined\u001b[0m\n              \u001b[36m</div>\u001b[39m\n            \u001b[36m</div>\u001b[39m\n            \u001b[36m<div\u001b[39m\n              \u001b[33mclass\u001b[39m=\u001b[32m\"errorBadge\"\u001b[39m\n              \u001b[33mdata-testid\u001b[39m=\u001b[32m\"error-badge-1\"\u001b[39m\n            \u001b[36m>\u001b[39m\n              \u001b[0mError\u001b[0m\n            \u001b[36m</div>\u001b[39m\n          \u001b[36m</div>\u001b[39m\n          \u001b[36m<div\u001b[39m\n            \u001b[33mdata-testid\u001b[39m=\u001b[32m\"messages-end\"\u001b[39m\n          \u001b[36m/>\u001b[39m\n        \u001b[36m</div>\u001b[39m\n        \u001b[36m<form\u001b[39m\n          \u001b[33mclass\u001b[39m=\u001b[32m\"inputForm\"\u001b[39m\n          \u001b[33mdata-testid\u001b[39m=\u001b[32m\"chat-form\"\u001b[39m\n        \u001b[36m>\u001b[39m\n          \u001b[36m<textarea\u001b[39m\n            \u001b[33mclass\u001b[39m=\u001b[32m\"input\"\u001b[39m\n            \u001b[33mdata-testid\u001b[39m=\u001b[32m\"chat-input\"\u001b[39m\n            \u001b[33mplaceholder\u001b[39m=\u001b[32m\"Type your message...\"\u001b[39m\n            \u001b[33mrows\u001b[39m=\u001b[32m\"1\"\u001b[39m\n            \u001b[33mstyle\u001b[39m=\u001b[32m\"height: auto;\"\u001b[39m\n          \u001b[36m/>\u001b[39m\n          \u001b[36m<button\u001b[39m\n            \u001b[33mclass\u001b[39m=\u001b[32m\"submitButton\"\u001b[39m\n            \u001b[33mdata-testid\u001b[39m=\u001b[32m\"chat-submit-button\"\u001b[39m\n            \u001b[33mtype\u001b[39m=\u001b[32m\"submit\"\u001b[39m\n          \u001b[36m>\u001b[39m\n            \u001b[0mSend\u001b[0m\n          \u001b[36m</button>\u001b[39m\n        \u001b[36m</form>\u001b[39m\n      \u001b[36m</div>\u001b[39m\n    \u001b[36m</div>\u001b[39m\n  \u001b[36m</body>\u001b[39m\n\u001b[36m</html>\u001b[39m"}],"failureMessages":["Error: \u001b[2mexpect(\u001b[22m\u001b[31mreceived\u001b[39m\u001b[2m).toBeInTheDocument()\u001b[22m\n\n\u001b[31mreceived\u001b[39m value must be an HTMLElement or an SVGElement.\nReceived has value: \u001b[31mnull\u001b[39m\n\nIgnored nodes: comments, script, style\n\u001b[36m<html>\u001b[39m\n  \u001b[36m<head />\u001b[39m\n  \u001b[36m<body>\u001b[39m\n    \u001b[36m<div>\u001b[39m\n      \u001b[36m<div\u001b[39m\n        \u001b[33mclass\u001b[39m=\u001b[32m\"chatContainer\"\u001b[39m\n        \u001b[33mdata-testid\u001b[39m=\u001b[32m\"chat-container\"\u001b[39m\n      \u001b[36m>\u001b[39m\n        \u001b[36m<div\u001b[39m\n          \u001b[33mclass\u001b[39m=\u001b[32m\"modalOverlay\"\u001b[39m\n          \u001b[33mdata-testid\u001b[39m=\u001b[32m\"bubu-modal\"\u001b[39m\n        \u001b[36m>\u001b[39m\n          \u001b[36m<div\u001b[39m\n            \u001b[33mclass\u001b[39m=\u001b[32m\"modalContent\"\u001b[39m\n          \u001b[36m>\u001b[39m\n            \u001b[36m<iframe\u001b[39m\n              \u001b[33mallowfullscreen\u001b[39m=\u001b[32m\"\"\u001b[39m\n              \u001b[33mheight\u001b[39m=\u001b[32m\"280\"\u001b[39m\n              \u001b[33msrc\u001b[39m=\u001b[32m\"https://tenor.com/embed/4715181167776202242\"\u001b[39m\n              \u001b[33mstyle\u001b[39m=\u001b[32m\"border-radius: 12px; overflow: hidden;\"\u001b[39m\n              \u001b[33mtitle\u001b[39m=\u001b[32m\"Bubu Work Bubu Focus Sticker\"\u001b[39m\n              \u001b[33mwidth\u001b[39m=\u001b[32m\"100%\"\u001b[39m\n            \u001b[36m/>\u001b[39m\n            \u001b[36m<button\u001b[39m\n              \u001b[33mclass\u001b[39m=\u001b[32m\"closeModalButton\"\u001b[39m\n              \u001b[33mdata-testid\u001b[39m=\u001b[32m\"close-modal-button\"\u001b[39m\n              \u001b[33mtype\u001b[39m=\u001b[32m\"button\"\u001b[39m\n            \u001b[36m>\u001b[39m\n              \u001b[0mEnter Chat\u001b[0m\n            \u001b[36m</button>\u001b[39m\n            \u001b[36m<button\u001b[39m\n              \u001b[33mclass\u001b[39m=\u001b[32m\"dontShowModalButton\"\u001b[39m\n              \u001b[33mdata-testid\u001b[39m=\u001b[32m\"dont-show-modal-button\"\u001b[39m\n              \u001b[33mtype\u001b[39m=\u001b[32m\"button\"\u001b[39m\n            \u001b[36m>\u001b[39m\n              \u001b[0mDon't show this modal again\u001b[0m\n            \u001b[36m</button>\u001b[39m\n          \u001b[36m</div>\u001b[39m\n        \u001b[36m</div>\u001b[39m\n        \u001b[36m<div\u001b[39m\n          \u001b[33mclass\u001b[39m=\u001b[32m\"chatHeader\"\u001b[39m\n          \u001b[33mdata-testid\u001b[39m=\u001b[32m\"chat-header\"\u001b[39m\n        \u001b[36m>\u001b[39m\n          \u001b[36m<img\u001b[39m\n            \u001b[33malt\u001b[39m=\u001b[32m\"Bubu\"\u001b[39m\n            \u001b[33mclass\u001b[39m=\u001b[32m\"headerImage\"\u001b[39m\n            \u001b[33mdata-nimg\u001b[39m=\u001b[32m\"1\"\u001b[39m\n            \u001b[33mdata-testid\u001b[39m=\u001b[32m\"chat-header-image\"\u001b[39m\n            \u001b[33mdecoding\u001b[39m=\u001b[32m\"async\"\u001b[39m\n            \u001b[33mheight\u001b[39m=\u001b[32m\"70\"\u001b[39m\n            \u001b[33mloading\u001b[39m=\u001b[32m\"lazy\"\u001b[39m\n            \u001b[33msrc\u001b[39m=\u001b[32m\"/img.jpg\"\u001b[39m\n            \u001b[33mstyle\u001b[39m=\u001b[32m\"color: transparent; cursor: pointer;\"\u001b[39m\n            \u001b[33mwidth\u001b[39m=\u001b[32m\"70\"\u001b[39m\n          \u001b[36m/>\u001b[39m\n          \u001b[36m<h1\u001b[39m\n            \u001b[33mdata-testid\u001b[39m=\u001b[32m\"chat-title\"\u001b[39m\n          \u001b[36m>\u001b[39m\n            \u001b[0mCustom AI Chat\u001b[0m\n          \u001b[36m</h1>\u001b[39m\n          \u001b[36m<button\u001b[39m\n            \u001b[33mclass\u001b[39m=\u001b[32m\"deleteToggleButton\"\u001b[39m\n            \u001b[33mdata-testid\u001b[39m=\u001b[32m\"delete-chat-button\"\u001b[39m\n            \u001b[33mtitle\u001b[39m=\u001b[32m\"Delete Chat\"\u001b[39m\n            \u001b[33mtype\u001b[39m=\u001b[32m\"button\"\u001b[39m\n          \u001b[36m>\u001b[39m\n            \u001b[36m<img\u001b[39m\n              \u001b[33malt\u001b[39m=\u001b[32m\"Delete Chat\"\u001b[39m\n              \u001b[33mdata-nimg\u001b[39m=\u001b[32m\"1\"\u001b[39m\n              \u001b[33mdecoding\u001b[39m=\u001b[32m\"async\"\u001b[39m\n              \u001b[33mheight\u001b[39m=\u001b[32m\"60\"\u001b[39m\n              \u001b[33mloading\u001b[39m=\u001b[32m\"lazy\"\u001b[39m\n              \u001b[33msrc\u001b[39m=\u001b[32m\"/img.jpg\"\u001b[39m\n              \u001b[33mstyle\u001b[39m=\u001b[32m\"color: transparent;\"\u001b[39m\n              \u001b[33mwidth\u001b[39m=\u001b[32m\"60\"\u001b[39m\n            \u001b[36m/>\u001b[39m\n          \u001b[36m</button>\u001b[39m\n        \u001b[36m</div>\u001b[39m\n        \u001b[36m<div\u001b[39m\n          \u001b[33mclass\u001b[39m=\u001b[32m\"messagesContainer\"\u001b[39m\n          \u001b[33mdata-testid\u001b[39m=\u001b[32m\"messages-container\"\u001b[39m\n        \u001b[36m>\u001b[39m\n          \u001b[36m<div\u001b[39m\n            \u001b[33mclass\u001b[39m=\u001b[32m\"message user\"\u001b[39m\n            \u001b[33mdata-testid\u001b[39m=\u001b[32m\"message-user-0\"\u001b[39m\n          \u001b[36m>\u001b[39m\n            \u001b[36m<div\u001b[39m\n              \u001b[33mclass\u001b[39m=\u001b[32m\"messageRole\"\u001b[39m\n              \u001b[33mdata-testid\u001b[39m=\u001b[32m\"message-role-0\"\u001b[39m\n            \u001b[36m/>\u001b[39m\n            \u001b[36m<div\u001b[39m\n              \u001b[33mclass\u001b[39m=\u001b[32m\"messageContent\"\u001b[39m\n              \u001b[33mdata-testid\u001b[39m=\u001b[32m\"message-content-0\"\u001b[39m\n            \u001b[36m>\u001b[39m\n              \u001b[36m<div\u001b[39m\n                \u001b[33mdata-testid\u001b[39m=\u001b[32m\"react-markdown-mock\"\u001b[39m\n              \u001b[36m>\u001b[39m\n                \u001b[0mFirst message\u001b[0m\n              \u001b[36m</div>\u001b[39m\n            \u001b[36m</div>\u001b[39m\n          \u001b[36m</div>\u001b[39m\n          \u001b[36m<div\u001b[39m\n            \u001b[33mclass\u001b[39m=\u001b[32m\"message assistant\"\u001b[39m\n            \u001b[33mdata-testid\u001b[39m=\u001b[32m\"message-assistant-1\"\u001b[39m\n          \u001b[36m>\u001b[39m\n            \u001b[36m<div\u001b[39m\n              \u001b[33mclass\u001b[39m=\u001b[32m\"messageRole\"\u001b[39m\n              \u001b[33mdata-testid\u001b[39m=\u001b[32m\"message-role-1\"\u001b[39m\n            \u001b[36m/>\u001b[39m\n            \u001b[36m<div\u001b[39m\n              \u001b[33mclass\u001b[39m=\u001b[32m\"messageContent\"\u001b[39m\n              \u001b[33mdata-testid\u001b[39m=\u001b[32m\"message-content-1\"\u001b[39m\n            \u001b[36m>\u001b[39m\n              \u001b[36m<div\u001b[39m\n                \u001b[33mdata-testid\u001b[39m=\u001b[32m\"react-markdown-mock\"\u001b[39m\n              \u001b[36m>\u001b[39m\n                \u001b[0mError: fetch is not defined\u001b[0m\n              \u001b[36m</div>\u001b[39m\n            \u001b[36m</div>\u001b[39m\n            \u001b[36m<div\u001b[39m\n              \u001b[33mclass\u001b[39m=\u001b[32m\"errorBadge\"\u001b[39m\n              \u001b[33mdata-testid\u001b[39m=\u001b[32m\"error-badge-1\"\u001b[39m\n            \u001b[36m>\u001b[39m\n              \u001b[0mError\u001b[0m\n            \u001b[36m</div>\u001b[39m\n          \u001b[36m</div>\u001b[39m\n          \u001b[36m<div\u001b[39m\n            \u001b[33mdata-testid\u001b[39m=\u001b[32m\"messages-end\"\u001b[39m\n          \u001b[36m/>\u001b[39m\n        \u001b[36m</div>\u001b[39m\n        \u001b[36m<form\u001b[39m\n          \u001b[33mclass\u001b[39m=\u001b[32m\"inputForm\"\u001b[39m\n          \u001b[33mdata-testid\u001b[39m=\u001b[32m\"chat-form\"\u001b[39m\n        \u001b[36m>\u001b[39m\n          \u001b[36m<textarea\u001b[39m\n            \u001b[33mclass\u001b[39m=\u001b[32m\"input\"\u001b[39m\n            \u001b[33mdata-testid\u001b[39m=\u001b[32m\"chat-input\"\u001b[39m\n            \u001b[33mplaceholder\u001b[39m=\u001b[32m\"Type your message...\"\u001b[39m\n            \u001b[33mrows\u001b[39m=\u001b[32m\"1\"\u001b[39m\n            \u001b[33mstyle\u001b[39m=\u001b[32m\"height: auto;\"\u001b[39m\n          \u001b[36m/>\u001b[39m\n          \u001b[36m<button\u001b[39m\n            \u001b[33mclass\u001b[39m=\u001b[32m\"submitButton\"\u001b[39m\n            \u001b[33mdata-testid\u001b[39m=\u001b[32m\"chat-submit-button\"\u001b[39m\n            \u001b[33mtype\u001b[39m=\u001b[32m\"submit\"\u001b[39m\n          \u001b[36m>\u001b[39m\n            \u001b[0mSend\u001b[0m\n          \u001b[36m</button>\u001b[39m\n        \u001b[36m</form>\u001b[39m\n      \u001b[36m</div>\u001b[39m\n    \u001b[36m</div>\u001b[39m\n  \u001b[36m</body>\u001b[39m\n\u001b[36m</html>\u001b[39m\n    at __EXTERNAL_MATCHER_TRAP__ (/Users/jacoblee/custom-ai-bot/node_modules/expect/build/index.js:2240:22)\n    at Object.throwingMatcher [as toBeInTheDocument] (/Users/jacoblee/custom-ai-bot/node_modules/expect/build/index.js:2241:6)\n    at toBeInTheDocument (/Users/jacoblee/custom-ai-bot/tests/integration/ChatFlow.test.js:39:53)\n    at runWithExpensiveErrorDiagnosticsDisabled (/Users/jacoblee/custom-ai-bot/node_modules/@testing-library/dom/dist/config.js:47:12)\n    at checkCallback (/Users/jacoblee/custom-ai-bot/node_modules/@testing-library/dom/dist/wait-for.js:124:77)\n    at checkRealTimersCallback (/Users/jacoblee/custom-ai-bot/node_modules/@testing-library/dom/dist/wait-for.js:118:16)\n    at Timeout.task [as _onTimeout] (/Users/jacoblee/custom-ai-bot/node_modules/jsdom/lib/jsdom/browser/Window.js:579:19)\n    at listOnTimeout (node:internal/timers:605:17)\n    at processTimers (node:internal/timers:541:7)"],"fullName":"Chat Flow - Integration Tests should display multiple messages in sequence","invocations":1,"location":null,"numPassingAsserts":20,"retryReasons":[],"startAt":1786842898894,"status":"failed","title":"should display multiple messages in sequence"},{"ancestorTitles":["Chat Flow - Integration Tests"],"duration":66,"failing":false,"failureDetails":[],"failureMessages":[],"fullName":"Chat Flow - Integration Tests should clear input after sending a message","invocations":1,"location":null,"numPassingAsserts":1,"retryReasons":[],"startAt":1786842899960,"status":"passed","title":"should clear input after sending a message"}],"endTime":1786842900039,"message":"\u001b[1m\u001b[31m  \u001b[1m● \u001b[22m\u001b[1mChat Flow - Integration Tests › should display multiple messages in sequence\u001b[39m\u001b[22m\n\n    \u001b[2mexpect(\u001b[22m\u001b[31mreceived\u001b[39m\u001b[2m).toBeInTheDocument()\u001b[22m\n\n    \u001b[31mreceived\u001b[39m value must be an HTMLElement or an SVGElement.\n    Received has value: \u001b[31mnull\u001b[39m\n\n    Ignored nodes: comments, script, style\n    \u001b[36m<html>\u001b[39m\n      \u001b[36m<head />\u001b[39m\n      \u001b[36m<body>\u001b[39m\n        \u001b[36m<div>\u001b[39m\n          \u001b[36m<div\u001b[39m\n            \u001b[33mclass\u001b[39m=\u001b[32m\"chatContainer\"\u001b[39m\n            \u001b[33mdata-testid\u001b[39m=\u001b[32m\"chat-container\"\u001b[39m\n          \u001b[36m>\u001b[39m\n            \u001b[36m<div\u001b[39m\n              \u001b[33mclass\u001b[39m=\u001b[32m\"modalOverlay\"\u001b[39m\n              \u001b[33mdata-testid\u001b[39m=\u001b[32m\"bubu-modal\"\u001b[39m\n            \u001b[36m>\u001b[39m\n              \u001b[36m<div\u001b[39m\n                \u001b[33mclass\u001b[39m=\u001b[32m\"modalContent\"\u001b[39m\n              \u001b[36m>\u001b[39m\n                \u001b[36m<iframe\u001b[39m\n                  \u001b[33mallowfullscreen\u001b[39m=\u001b[32m\"\"\u001b[39m\n                  \u001b[33mheight\u001b[39m=\u001b[32m\"280\"\u001b[39m\n                  \u001b[33msrc\u001b[39m=\u001b[32m\"https://tenor.com/embed/4715181167776202242\"\u001b[39m\n                  \u001b[33mstyle\u001b[39m=\u001b[32m\"border-radius: 12px; overflow: hidden;\"\u001b[39m\n                  \u001b[33mtitle\u001b[39m=\u001b[32m\"Bubu Work Bubu Focus Sticker\"\u001b[39m\n                  \u001b[33mwidth\u001b[39m=\u001b[32m\"100%\"\u001b[39m\n                \u001b[36m/>\u001b[39m\n                \u001b[36m<button\u001b[39m\n                  \u001b[33mclass\u001b[39m=\u001b[32m\"closeModalButton\"\u001b[39m\n                  \u001b[33mdata-testid\u001b[39m=\u001b[32m\"close-modal-button\"\u001b[39m\n                  \u001b[33mtype\u001b[39m=\u001b[32m\"button\"\u001b[39m\n                \u001b[36m>\u001b[39m\n                  \u001b[0mEnter Chat\u001b[0m\n                \u001b[36m</button>\u001b[39m\n                \u001b[36m<button\u001b[39m\n                  \u001b[33mclass\u001b[39m=\u001b[32m\"dontShowModalButton\"\u001b[39m\n                  \u001b[33mdata-testid\u001b[39m=\u001b[32m\"dont-show-modal-button\"\u001b[39m\n                  \u001b[33mtype\u001b[39m=\u001b[32m\"button\"\u001b[39m\n                \u001b[36m>\u001b[39m\n                  \u001b[0mDon't show this modal again\u001b[0m\n                \u001b[36m</button>\u001b[39m\n              \u001b[36m</div>\u001b[39m\n            \u001b[36m</div>\u001b[39m\n            \u001b[36m<div\u001b[39m\n              \u001b[33mclass\u001b[39m=\u001b[32m\"chatHeader\"\u001b[39m\n              \u001b[33mdata-testid\u001b[39m=\u001b[32m\"chat-header\"\u001b[39m\n            \u001b[36m>\u001b[39m\n              \u001b[36m<img\u001b[39m\n                \u001b[33malt\u001b[39m=\u001b[32m\"Bubu\"\u001b[39m\n                \u001b[33mclass\u001b[39m=\u001b[32m\"headerImage\"\u001b[39m\n                \u001b[33mdata-nimg\u001b[39m=\u001b[32m\"1\"\u001b[39m\n                \u001b[33mdata-testid\u001b[39m=\u001b[32m\"chat-header-image\"\u001b[39m\n                \u001b[33mdecoding\u001b[39m=\u001b[32m\"async\"\u001b[39m\n                \u001b[33mheight\u001b[39m=\u001b[32m\"70\"\u001b[39m\n                \u001b[33mloading\u001b[39m=\u001b[32m\"lazy\"\u001b[39m\n                \u001b[33msrc\u001b[39m=\u001b[32m\"/img.jpg\"\u001b[39m\n                \u001b[33mstyle\u001b[39m=\u001b[32m\"color: transparent; cursor: pointer;\"\u001b[39m\n                \u001b[33mwidth\u001b[39m=\u001b[32m\"70\"\u001b[39m\n              \u001b[36m/>\u001b[39m\n              \u001b[36m<h1\u001b[39m\n                \u001b[33mdata-testid\u001b[39m=\u001b[32m\"chat-title\"\u001b[39m\n              \u001b[36m>\u001b[39m\n                \u001b[0mCustom AI Chat\u001b[0m\n              \u001b[36m</h1>\u001b[39m\n              \u001b[36m<button\u001b[39m\n                \u001b[33mclass\u001b[39m=\u001b[32m\"deleteToggleButton\"\u001b[39m\n                \u001b[33mdata-testid\u001b[39m=\u001b[32m\"delete-chat-button\"\u001b[39m\n                \u001b[33mtitle\u001b[39m=\u001b[32m\"Delete Chat\"\u001b[39m\n                \u001b[33mtype\u001b[39m=\u001b[32m\"button\"\u001b[39m\n              \u001b[36m>\u001b[39m\n                \u001b[36m<img\u001b[39m\n                  \u001b[33malt\u001b[39m=\u001b[32m\"Delete Chat\"\u001b[39m\n                  \u001b[33mdata-nimg\u001b[39m=\u001b[32m\"1\"\u001b[39m\n                  \u001b[33mdecoding\u001b[39m=\u001b[32m\"async\"\u001b[39m\n                  \u001b[33mheight\u001b[39m=\u001b[32m\"60\"\u001b[39m\n                  \u001b[33mloading\u001b[39m=\u001b[32m\"lazy\"\u001b[39m\n                  \u001b[33msrc\u001b[39m=\u001b[32m\"/img.jpg\"\u001b[39m\n                  \u001b[33mstyle\u001b[39m=\u001b[32m\"color: transparent;\"\u001b[39m\n                  \u001b[33mwidth\u001b[39m=\u001b[32m\"60\"\u001b[39m\n                \u001b[36m/>\u001b[39m\n              \u001b[36m</button>\u001b[39m\n            \u001b[36m</div>\u001b[39m\n            \u001b[36m<div\u001b[39m\n              \u001b[33mclass\u001b[39m=\u001b[32m\"messagesContainer\"\u001b[39m\n              \u001b[33mdata-testid\u001b[39m=\u001b[32m\"messages-container\"\u001b[39m\n            \u001b[36m>\u001b[39m\n              \u001b[36m<div\u001b[39m\n                \u001b[33mclass\u001b[39m=\u001b[32m\"message user\"\u001b[39m\n                \u001b[33mdata-testid\u001b[39m=\u001b[32m\"message-user-0\"\u001b[39m\n              \u001b[36m>\u001b[39m\n                \u001b[36m<div\u001b[39m\n                  \u001b[33mclass\u001b[39m=\u001b[32m\"messageRole\"\u001b[39m\n                  \u001b[33mdata-testid\u001b[39m=\u001b[32m\"message-role-0\"\u001b[39m\n                \u001b[36m/>\u001b[39m\n                \u001b[36m<div\u001b[39m\n                  \u001b[33mclass\u001b[39m=\u001b[32m\"messageContent\"\u001b[39m\n                  \u001b[33mdata-testid\u001b[39m=\u001b[32m\"message-content-0\"\u001b[39m\n                \u001b[36m>\u001b[39m\n                  \u001b[36m<div\u001b[39m\n                    \u001b[33mdata-testid\u001b[39m=\u001b[32m\"react-markdown-mock\"\u001b[39m\n                  \u001b[36m>\u001b[39m\n                    \u001b[0mFirst message\u001b[0m\n                  \u001b[36m</div>\u001b[39m\n                \u001b[36m</div>\u001b[39m\n              \u001b[36m</div>\u001b[39m\n              \u001b[36m<div\u001b[39m\n                \u001b[33mclass\u001b[39m=\u001b[32m\"message assistant\"\u001b[39m\n                \u001b[33mdata-testid\u001b[39m=\u001b[32m\"message-assistant-1\"\u001b[39m\n              \u001b[36m>\u001b[39m\n                \u001b[36m<div\u001b[39m\n                  \u001b[33mclass\u001b[39m=\u001b[32m\"messageRole\"\u001b[39m\n                  \u001b[33mdata-testid\u001b[39m=\u001b[32m\"message-role-1\"\u001b[39m\n                \u001b[36m/>\u001b[39m\n                \u001b[36m<div\u001b[39m\n                  \u001b[33mclass\u001b[39m=\u001b[32m\"messageContent\"\u001b[39m\n                  \u001b[33mdata-testid\u001b[39m=\u001b[32m\"message-content-1\"\u001b[39m\n                \u001b[36m>\u001b[39m\n                  \u001b[36m<div\u001b[39m\n                    \u001b[33mdata-testid\u001b[39m=\u001b[32m\"react-markdown-mock\"\u001b[39m\n                  \u001b[36m>\u001b[39m\n                    \u001b[0mError: fetch is not defined\u001b[0m\n                  \u001b[36m</div>\u001b[39m\n                \u001b[36m</div>\u001b[39m\n                \u001b[36m<div\u001b[39m\n                  \u001b[33mclass\u001b[39m=\u001b[32m\"errorBadge\"\u001b[39m\n                  \u001b[33mdata-testid\u001b[39m=\u001b[32m\"error-badge-1\"\u001b[39m\n                \u001b[36m>\u001b[39m\n                  \u001b[0mError\u001b[0m\n                \u001b[36m</div>\u001b[39m\n              \u001b[36m</div>\u001b[39m\n              \u001b[36m<div\u001b[39m\n                \u001b[33mdata-testid\u001b[39m=\u001b[32m\"messages-end\"\u001b[39m\n              \u001b[36m/>\u001b[39m\n            \u001b[36m</div>\u001b[39m\n            \u001b[36m<form\u001b[39m\n              \u001b[33mclass\u001b[39m=\u001b[32m\"inputForm\"\u001b[39m\n              \u001b[33mdata-testid\u001b[39m=\u001b[32m\"chat-form\"\u001b[39m\n            \u001b[36m>\u001b[39m\n              \u001b[36m<textarea\u001b[39m\n                \u001b[33mclass\u001b[39m=\u001b[32m\"input\"\u001b[39m\n                \u001b[33mdata-testid\u001b[39m=\u001b[32m\"chat-input\"\u001b[39m\n                \u001b[33mplaceholder\u001b[39m=\u001b[32m\"Type your message...\"\u001b[39m\n                \u001b[33mrows\u001b[39m=\u001b[32m\"1\"\u001b[39m\n                \u001b[33mstyle\u001b[39m=\u001b[32m\"height: auto;\"\u001b[39m\n              \u001b[36m/>\u001b[39m\n              \u001b[36m<button\u001b[39m\n                \u001b[33mclass\u001b[39m=\u001b[32m\"submitButton\"\u001b[39m\n                \u001b[33mdata-testid\u001b[39m=\u001b[32m\"chat-submit-button\"\u001b[39m\n                \u001b[33mtype\u001b[39m=\u001b[32m\"submit\"\u001b[39m\n              \u001b[36m>\u001b[39m\n                \u001b[0mSend\u001b[0m\n              \u001b[36m</button>\u001b[39m\n            \u001b[36m</form>\u001b[39m\n          \u001b[36m</div>\u001b[39m\n        \u001b[36m</div>\u001b[39m\n      \u001b[36m</body>\u001b[39m\n    \u001b[36m</html>\u001b[39m\n\u001b[2m\u001b[22m\n\u001b[2m    \u001b[0m \u001b[90m 37 |\u001b[39m     \u001b[36mawait\u001b[39m waitFor(() \u001b[33m=>\u001b[39m {\u001b[22m\n\u001b[2m     \u001b[90m 38 |\u001b[39m       expect(screen\u001b[33m.\u001b[39mqueryByText(\u001b[35m/First message/i\u001b[39m))\u001b[33m.\u001b[39mtoBeInTheDocument()\u001b[22m\n\u001b[2m    \u001b[31m\u001b[1m>\u001b[22m\u001b[2m\u001b[39m\u001b[90m 39 |\u001b[39m       expect(screen\u001b[33m.\u001b[39mqueryByText(\u001b[35m/Second message/i\u001b[39m))\u001b[33m.\u001b[39mtoBeInTheDocument()\u001b[22m\n\u001b[2m     \u001b[90m    |\u001b[39m                                                     \u001b[31m\u001b[1m^\u001b[22m\u001b[2m\u001b[39m\u001b[22m\n\u001b[2m     \u001b[90m 40 |\u001b[39m     })\u001b[22m\n\u001b[2m     \u001b[90m 41 |\u001b[39m   })\u001b[22m\n\u001b[2m     \u001b[90m 42 |\u001b[39m\u001b[0m\u001b[22m\n\u001b[2m\u001b[22m\n\u001b[2m      \u001b[2mat __EXTERNAL_MATCHER_TRAP__ (\u001b[22m\u001b[2mnode_modules/expect/build/index.js\u001b[2m:2240:22)\u001b[22m\u001b[2m\u001b[22m\n\u001b[2m      \u001b[2mat Object.throwingMatcher [as toBeInTheDocument] (\u001b[22m\u001b[2mnode_modules/expect/build/index.js\u001b[2m:2241:6)\u001b[22m\u001b[2m\u001b[22m\n\u001b[2m      \u001b[2mat toBeInTheDocument (\u001b[22m\u001b[2m\u001b[0m\u001b[36mtests/integration/ChatFlow.test.js\u001b[39m\u001b[0m\u001b[2m:39:53)\u001b[22m\u001b[2m\u001b[22m\n\u001b[2m      \u001b[2mat runWithExpensiveErrorDiagnosticsDisabled (\u001b[22m\u001b[2mnode_modules/@testing-library/dom/dist/config.js\u001b[2m:47:12)\u001b[22m\u001b[2m\u001b[22m\n\u001b[2m      \u001b[2mat checkCallback (\u001b[22m\u001b[2mnode_modules/@testing-library/dom/dist/wait-for.js\u001b[2m:124:77)\u001b[22m\u001b[2m\u001b[22m\n\u001b[2m      \u001b[2mat checkRealTimersCallback (\u001b[22m\u001b[2mnode_modules/@testing-library/dom/dist/wait-for.js\u001b[2m:118:16)\u001b[22m\u001b[2m\u001b[22m\n\u001b[2m      \u001b[2mat Timeout.task [as _onTimeout] (\u001b[22m\u001b[2mnode_modules/jsdom/lib/jsdom/browser/Window.js\u001b[2m:579:19)\u001b[22m\u001b[2m\u001b[22m\n","name":"/Users/jacoblee/custom-ai-bot/tests/integration/ChatFlow.test.js","startTime":1786842898540,"status":"failed","summary":""},{"assertionResults":[{"ancestorTitles":["Chat Component - Unit Tests"],"duration":12,"failing":false,"failureDetails":[],"failureMessages":[],"fullName":"Chat Component - Unit Tests should render without crashing","invocations":1,"location":null,"numPassingAsserts":1,"retryReasons":[],"startAt":1786842900115,"status":"passed","title":"should render without crashing"},{"ancestorTitles":["Chat Component - Unit Tests"],"duration":6,"failing":false,"failureDetails":[],"failureMessages":[],"fullName":"Chat Component - Unit Tests should display a message input field","invocations":1,"location":null,"numPassingAsserts":1,"retryReasons":[],"startAt":1786842900128,"status":"passed","title":"should display a message input field"},{"ancestorTitles":["Chat Component - Unit Tests"],"duration":7,"failing":false,"failureDetails":[],"failureMessages":[],"fullName":"Chat Component - Unit Tests should have a submit button","invocations":1,"location":null,"numPassingAsserts":1,"retryReasons":[],"startAt":1786842900135,"status":"passed","title":"should have a submit button"},{"ancestorTitles":["Chat Component - Unit Tests"],"duration":5,"failing":false,"failureDetails":[],"failureMessages":[],"fullName":"Chat Component - Unit Tests should render the messages container","invocations":1,"location":null,"numPassingAsserts":1,"retryReasons":[],"startAt":1786842900142,"status":"passed","title":"should render the messages container"}],"endTime":1786842900148,"message":"","name":"/Users/jacoblee/custom-ai-bot/tests/unit/Chat.test.js","startTime":1786842900058,"status":"passed","summary":""}],"wasInterrupted":false}
